mode: set
cart/internal/usecase/cartUsecase.go:54.131,56.2 1 1
cart/internal/usecase/cartUsecase.go:58.78,60.16 2 1
cart/internal/usecase/cartUsecase.go:60.16,62.3 1 1
cart/internal/usecase/cartUsecase.go:64.2,65.16 2 1
cart/internal/usecase/cartUsecase.go:65.16,67.3 1 0
cart/internal/usecase/cartUsecase.go:69.2,79.32 2 1
cart/internal/usecase/cartUsecase.go:79.32,85.17 5 1
cart/internal/usecase/cartUsecase.go:85.17,87.4 1 0
cart/internal/usecase/cartUsecase.go:89.3,89.27 1 1
cart/internal/usecase/cartUsecase.go:92.2,92.73 1 1
cart/internal/usecase/cartUsecase.go:92.73,100.13 2 1
cart/internal/usecase/cartUsecase.go:100.13,102.46 2 1
cart/internal/usecase/cartUsecase.go:102.46,104.5 1 0
cart/internal/usecase/cartUsecase.go:106.4,106.14 1 1
cart/internal/usecase/cartUsecase.go:109.3,109.33 1 0
cart/internal/usecase/cartUsecase.go:110.17,112.3 1 0
cart/internal/usecase/cartUsecase.go:114.2,114.91 1 1
cart/internal/usecase/cartUsecase.go:114.91,116.3 1 0
cart/internal/usecase/cartUsecase.go:118.2,118.12 1 1
cart/internal/usecase/cartUsecase.go:121.84,123.44 2 1
cart/internal/usecase/cartUsecase.go:123.44,125.3 1 1
cart/internal/usecase/cartUsecase.go:127.2,127.12 1 1
cart/internal/usecase/cartUsecase.go:130.105,134.16 3 1
cart/internal/usecase/cartUsecase.go:134.16,136.3 1 1
cart/internal/usecase/cartUsecase.go:138.2,138.29 1 1
cart/internal/usecase/cartUsecase.go:138.29,140.17 2 1
cart/internal/usecase/cartUsecase.go:140.17,142.4 1 0
cart/internal/usecase/cartUsecase.go:144.3,146.29 2 1
cart/internal/usecase/cartUsecase.go:146.29,150.4 2 1
cart/internal/usecase/cartUsecase.go:151.3,153.51 3 1
cart/internal/usecase/cartUsecase.go:156.2,156.18 1 1
cart/internal/usecase/cartUsecase.go:159.90,160.71 1 1
cart/internal/usecase/cartUsecase.go:160.71,162.45 2 1
cart/internal/usecase/cartUsecase.go:162.45,164.4 1 1
cart/internal/usecase/cartUsecase.go:166.3,166.13 1 1
