mode: set
stocks/internal/usecase/stockUsecase.go:21.97,23.2 1 1
stocks/internal/usecase/stockUsecase.go:25.79,26.71 1 1
stocks/internal/usecase/stockUsecase.go:26.71,28.17 2 1
stocks/internal/usecase/stockUsecase.go:28.17,29.26 1 1
stocks/internal/usecase/stockUsecase.go:29.26,31.5 1 1
stocks/internal/usecase/stockUsecase.go:33.4,33.14 1 1
stocks/internal/usecase/stockUsecase.go:36.3,44.28 2 1
stocks/internal/usecase/stockUsecase.go:45.10,47.46 2 1
stocks/internal/usecase/stockUsecase.go:47.46,49.5 1 1
stocks/internal/usecase/stockUsecase.go:51.4,51.14 1 1
stocks/internal/usecase/stockUsecase.go:52.21,54.46 2 1
stocks/internal/usecase/stockUsecase.go:54.46,56.5 1 1
stocks/internal/usecase/stockUsecase.go:58.4,58.14 1 1
stocks/internal/usecase/stockUsecase.go:59.11,60.20 1 1
stocks/internal/usecase/stockUsecase.go:65.93,67.44 2 1
stocks/internal/usecase/stockUsecase.go:67.44,69.3 1 1
stocks/internal/usecase/stockUsecase.go:71.2,71.12 1 1
stocks/internal/usecase/stockUsecase.go:74.111,87.71 5 1
stocks/internal/usecase/stockUsecase.go:87.71,89.17 2 1
stocks/internal/usecase/stockUsecase.go:89.17,91.4 1 1
stocks/internal/usecase/stockUsecase.go:93.3,93.36 1 1
stocks/internal/usecase/stockUsecase.go:93.36,107.4 2 1
stocks/internal/usecase/stockUsecase.go:109.3,109.13 1 1
stocks/internal/usecase/stockUsecase.go:112.2,115.19 3 1
stocks/internal/usecase/stockUsecase.go:118.94,120.71 2 1
stocks/internal/usecase/stockUsecase.go:120.71,122.17 2 1
stocks/internal/usecase/stockUsecase.go:122.17,123.24 1 1
stocks/internal/usecase/stockUsecase.go:123.24,125.5 1 1
stocks/internal/usecase/stockUsecase.go:125.10,127.5 1 1
stocks/internal/usecase/stockUsecase.go:130.3,142.13 2 1
stocks/internal/usecase/stockUsecase.go:145.2,145.22 1 1
