mode: set
stocks/internal/usecase/stockUsecase.go:26.88,28.2 1 1
stocks/internal/usecase/stockUsecase.go:30.79,31.72 1 1
stocks/internal/usecase/stockUsecase.go:31.72,33.17 2 1
stocks/internal/usecase/stockUsecase.go:33.17,34.26 1 1
stocks/internal/usecase/stockUsecase.go:34.26,36.5 1 1
stocks/internal/usecase/stockUsecase.go:38.4,38.14 1 1
stocks/internal/usecase/stockUsecase.go:41.3,49.28 2 1
stocks/internal/usecase/stockUsecase.go:50.10,52.46 2 1
stocks/internal/usecase/stockUsecase.go:52.46,54.5 1 0
stocks/internal/usecase/stockUsecase.go:56.4,56.14 1 1
stocks/internal/usecase/stockUsecase.go:57.21,59.46 2 1
stocks/internal/usecase/stockUsecase.go:59.46,61.5 1 0
stocks/internal/usecase/stockUsecase.go:63.4,63.14 1 1
stocks/internal/usecase/stockUsecase.go:64.11,65.20 1 1
stocks/internal/usecase/stockUsecase.go:70.93,72.44 2 1
stocks/internal/usecase/stockUsecase.go:72.44,74.3 1 1
stocks/internal/usecase/stockUsecase.go:76.2,76.12 1 1
stocks/internal/usecase/stockUsecase.go:79.111,92.72 5 1
stocks/internal/usecase/stockUsecase.go:92.72,94.17 2 1
stocks/internal/usecase/stockUsecase.go:94.17,96.4 1 1
stocks/internal/usecase/stockUsecase.go:98.3,98.36 1 1
stocks/internal/usecase/stockUsecase.go:98.36,112.4 2 1
stocks/internal/usecase/stockUsecase.go:114.3,114.13 1 1
stocks/internal/usecase/stockUsecase.go:117.2,120.19 3 1
stocks/internal/usecase/stockUsecase.go:123.94,125.72 2 1
stocks/internal/usecase/stockUsecase.go:125.72,127.17 2 1
stocks/internal/usecase/stockUsecase.go:127.17,128.24 1 1
stocks/internal/usecase/stockUsecase.go:128.24,130.5 1 1
stocks/internal/usecase/stockUsecase.go:130.10,132.5 1 0
stocks/internal/usecase/stockUsecase.go:135.3,147.13 2 1
stocks/internal/usecase/stockUsecase.go:150.2,150.22 1 1
