mode: set
stocks/internal/router/http/controller/stock_controller.go:28.70,30.2 1 1
stocks/internal/router/http/controller/stock_controller.go:32.76,35.61 2 1
stocks/internal/router/http/controller/stock_controller.go:35.61,39.3 2 1
stocks/internal/router/http/controller/stock_controller.go:41.2,41.48 1 1
stocks/internal/router/http/controller/stock_controller.go:41.48,45.3 2 1
stocks/internal/router/http/controller/stock_controller.go:47.2,55.66 2 1
stocks/internal/router/http/controller/stock_controller.go:55.66,56.79 1 1
stocks/internal/router/http/controller/stock_controller.go:56.79,60.4 2 1
stocks/internal/router/http/controller/stock_controller.go:62.3,64.9 2 1
stocks/internal/router/http/controller/stock_controller.go:67.2,68.45 2 1
stocks/internal/router/http/controller/stock_controller.go:71.84,74.61 2 1
stocks/internal/router/http/controller/stock_controller.go:74.61,78.3 2 1
stocks/internal/router/http/controller/stock_controller.go:80.2,80.48 1 1
stocks/internal/router/http/controller/stock_controller.go:80.48,84.3 2 1
stocks/internal/router/http/controller/stock_controller.go:86.2,91.74 2 1
stocks/internal/router/http/controller/stock_controller.go:91.74,92.42 1 1
stocks/internal/router/http/controller/stock_controller.go:92.42,96.4 2 1
stocks/internal/router/http/controller/stock_controller.go:98.3,100.9 2 1
stocks/internal/router/http/controller/stock_controller.go:103.2,104.45 2 1
stocks/internal/router/http/controller/stock_controller.go:107.86,109.61 2 1
stocks/internal/router/http/controller/stock_controller.go:109.61,113.3 2 1
stocks/internal/router/http/controller/stock_controller.go:115.2,115.48 1 1
stocks/internal/router/http/controller/stock_controller.go:115.48,119.3 2 1
stocks/internal/router/http/controller/stock_controller.go:121.2,129.16 3 1
stocks/internal/router/http/controller/stock_controller.go:129.16,133.3 2 1
stocks/internal/router/http/controller/stock_controller.go:135.2,137.37 2 1
stocks/internal/router/http/controller/stock_controller.go:137.37,148.3 2 1
stocks/internal/router/http/controller/stock_controller.go:150.2,154.47 4 1
stocks/internal/router/http/controller/stock_controller.go:157.80,159.61 2 1
stocks/internal/router/http/controller/stock_controller.go:159.61,163.3 2 1
stocks/internal/router/http/controller/stock_controller.go:165.2,168.16 3 1
stocks/internal/router/http/controller/stock_controller.go:168.16,169.42 1 1
stocks/internal/router/http/controller/stock_controller.go:169.42,173.4 2 1
stocks/internal/router/http/controller/stock_controller.go:175.3,177.9 2 1
stocks/internal/router/http/controller/stock_controller.go:180.2,191.47 3 1
