mode: set
cart/internal/router/http/controller/cart_controller.go:28.57,30.2 1 1
cart/internal/router/http/controller/cart_controller.go:32.74,35.61 2 1
cart/internal/router/http/controller/cart_controller.go:35.61,39.3 2 1
cart/internal/router/http/controller/cart_controller.go:41.2,41.48 1 1
cart/internal/router/http/controller/cart_controller.go:41.48,45.3 2 1
cart/internal/router/http/controller/cart_controller.go:47.2,54.16 3 1
cart/internal/router/http/controller/cart_controller.go:54.16,55.48 1 1
cart/internal/router/http/controller/cart_controller.go:55.48,59.4 2 1
cart/internal/router/http/controller/cart_controller.go:61.3,63.9 2 1
cart/internal/router/http/controller/cart_controller.go:66.2,67.45 2 1
cart/internal/router/http/controller/cart_controller.go:70.76,74.16 3 1
cart/internal/router/http/controller/cart_controller.go:74.16,78.3 2 0
cart/internal/router/http/controller/cart_controller.go:80.2,83.16 3 1
cart/internal/router/http/controller/cart_controller.go:83.16,84.42 1 1
cart/internal/router/http/controller/cart_controller.go:84.42,88.4 2 1
cart/internal/router/http/controller/cart_controller.go:90.3,92.9 2 0
cart/internal/router/http/controller/cart_controller.go:95.2,96.45 2 1
cart/internal/router/http/controller/cart_controller.go:99.77,103.16 3 1
cart/internal/router/http/controller/cart_controller.go:103.16,107.3 2 0
cart/internal/router/http/controller/cart_controller.go:109.2,109.48 1 1
cart/internal/router/http/controller/cart_controller.go:109.48,113.3 2 0
cart/internal/router/http/controller/cart_controller.go:115.2,121.16 3 1
cart/internal/router/http/controller/cart_controller.go:121.16,122.42 1 1
cart/internal/router/http/controller/cart_controller.go:122.42,126.4 2 1
cart/internal/router/http/controller/cart_controller.go:128.3,130.9 2 0
cart/internal/router/http/controller/cart_controller.go:133.2,134.46 2 1
cart/internal/router/http/controller/cart_controller.go:137.75,141.16 3 1
cart/internal/router/http/controller/cart_controller.go:141.16,145.3 2 0
cart/internal/router/http/controller/cart_controller.go:147.2,150.16 3 1
cart/internal/router/http/controller/cart_controller.go:150.16,154.3 2 1
cart/internal/router/http/controller/cart_controller.go:156.2,157.47 2 1
